{
  "tests/fixtures/basic/src/sample.tsx": {
    "path": "tests/fixtures/basic/src/sample.tsx",
    "statementMap": {
      "0": { "start": { "line": 2, "column": 2 }, "end": { "line": 4, "column": 3 } },
      "1": { "start": { "line": 5, "column": 2 }, "end": { "line": 5, "column": 45 } },
      "2": { "start": { "line": 8, "column": 0 }, "end": { "line": 8, "column": 65 } },
      "3": { "start": { "line": 12, "column": 4 }, "end": { "line": 19, "column": 5 } },
      "4": { "start": { "line": 14, "column": 8 }, "end": { "line": 14, "column": 21 } },
      "5": { "start": { "line": 16, "column": 8 }, "end": { "line": 16, "column": 21 } },
      "6": { "start": { "line": 18, "column": 8 }, "end": { "line": 18, "column": 23 } }
    },
    "fnMap": {
      "0": {
        "name": "classify",
        "decl": { "start": { "line": 1, "column": 7 }, "end": { "line": 1, "column": 15 } },
        "loc": { "start": { "line": 1, "column": 48 }, "end": { "line": 6, "column": 1 } },
        "line": 1
      },
      "1": {
        "name": "render",
        "decl": { "start": { "line": 8, "column": 13 }, "end": { "line": 8, "column": 19 } },
        "loc": { "start": { "line": 8, "column": 22 }, "end": { "line": 8, "column": 65 } },
        "line": 8
      },
      "2": {
        "name": "choose",
        "decl": { "start": { "line": 11, "column": 2 }, "end": { "line": 11, "column": 8 } },
        "loc": { "start": { "line": 11, "column": 39 }, "end": { "line": 20, "column": 3 } },
        "line": 11
      }
    },
    "branchMap": {},
    "s": { "0": 1, "1": 0, "2": 1, "3": 1, "4": 1, "5": 1, "6": 1 },
    "f": { "0": 1, "1": 1, "2": 1 },
    "b": {}
  }
}
